生成启动时间为 2018/4/26 11:20:07。
     1>项目“D:\junior\vs\experience2\tcp\client\client.vcxproj”在节点 2 上(build 个目标)。
     1>InitializeBuildStatus:
         正在创建“Debug\client.unsuccessfulbuild”，因为已指定“AlwaysCreate”。
       ClCompile:
         D:\mysoft\VisualStudio2017\VC\bin\CL.exe /c /ZI /nologo /W3 /WX- /Od /Oy- /D WIN32 /D _DEBUG /D _CONSOLE /D _UNICODE /D UNICODE /Gm /EHsc /RTC1 /MDd /GS /fp:precise /Zc:wchar_t /Zc:forScope /Fo"Debug\\" /Fd"Debug\vc100.pdb" /Gd /TP /analyze- /errorReport:prompt ..\da\client.cpp
         client.cpp
     1>d:\junior\vs\experience2\tcp\da\client.cpp(30): warning C4566: 由通用字符名称“\u00A0”表示的字符不能在当前代码页(936)中表示出来
     1>d:\junior\vs\experience2\tcp\da\client.cpp(30): warning C4566: 由通用字符名称“\u00A0”表示的字符不能在当前代码页(936)中表示出来
     1>d:\junior\vs\experience2\tcp\da\client.cpp(42): warning C4566: 由通用字符名称“\u00A0”表示的字符不能在当前代码页(936)中表示出来
     1>d:\junior\vs\experience2\tcp\da\client.cpp(78): warning C4996: 'scanf': This function or variable may be unsafe. Consider using scanf_s instead. To disable deprecation, use _CRT_SECURE_NO_WARNINGS. See online help for details.
                 d:\mysoft\visualstudio2017\vc\include\stdio.h(304) : 参见“scanf”的声明
     1>d:\junior\vs\experience2\tcp\da\client.cpp(82): warning C4996: 'strncpy': This function or variable may be unsafe. Consider using strncpy_s instead. To disable deprecation, use _CRT_SECURE_NO_WARNINGS. See online help for details.
                 d:\mysoft\visualstudio2017\vc\include\string.h(188) : 参见“strncpy”的声明
     1>d:\junior\vs\experience2\tcp\da\client.cpp(97): warning C4996: 'fopen': This function or variable may be unsafe. Consider using fopen_s instead. To disable deprecation, use _CRT_SECURE_NO_WARNINGS. See online help for details.
                 d:\mysoft\visualstudio2017\vc\include\stdio.h(234) : 参见“fopen”的声明
     1>d:\junior\vs\experience2\tcp\da\client.cpp(111): warning C4018: “<”: 有符号/无符号不匹配
       ManifestResourceCompile:
         所有输出均为最新。
       Link:
         D:\mysoft\VisualStudio2017\VC\bin\link.exe /ERRORREPORT:PROMPT /OUT:"D:\junior\vs\experience2\tcp\Debug\client.exe" /INCREMENTAL /NOLOGO kernel32.lib user32.lib gdi32.lib winspool.lib comdlg32.lib advapi32.lib shell32.lib ole32.lib oleaut32.lib uuid.lib odbc32.lib odbccp32.lib /MANIFEST /ManifestFile:"Debug\client.exe.intermediate.manifest" /MANIFESTUAC:"level='asInvoker' uiAccess='false'" /DEBUG /PDB:"D:\junior\vs\experience2\tcp\Debug\client.pdb" /SUBSYSTEM:CONSOLE /TLBID:1 /DYNAMICBASE /NXCOMPAT /IMPLIB:"D:\junior\vs\experience2\tcp\Debug\client.lib" /MACHINE:X86 Debug\client.exe.embed.manifest.res
         Debug\client.obj
       Manifest:
         C:\Program Files (x86)\Microsoft SDKs\Windows\v7.0A\bin\mt.exe /nologo /verbose /out:"Debug\client.exe.embed.manifest" /manifest Debug\client.exe.intermediate.manifest
         所有输出均为最新。
       LinkEmbedManifest:
         所有输出均为最新。
         client.vcxproj -> D:\junior\vs\experience2\tcp\Debug\client.exe
       FinalizeBuildStatus:
         正在删除文件“Debug\client.unsuccessfulbuild”。
         正在对“Debug\client.lastbuildstate”执行 Touch 任务。
     1>已完成生成项目“D:\junior\vs\experience2\tcp\client\client.vcxproj”(build 个目标)的操作。

生成成功。

已用时间 00:00:01.40
